
/home/runner/work/exp-metacentre-cone-iitb/exp-metacentre-cone-iitb/experiment/simulation/common_libraries/js/ts_components/collapse_step.js
   1:10  warning  'show_step' is defined but never used                 no-unused-vars
   2:5   warning  '$' is not defined                                    no-undef
   3:9   warning  '$' is not defined                                    no-undef
   6:10  warning  'hide_step' is defined but never used                 no-unused-vars
   7:5   warning  '$' is not defined                                    no-undef
   8:9   warning  '$' is not defined                                    no-undef
  11:10  warning  'get_collapse_btn_text' is defined but never used     no-unused-vars
  20:10  warning  'get_collapse_btn_element' is defined but never used  no-unused-vars
  29:10  warning  'hide_all_steps' is defined but never used            no-unused-vars
  31:9   warning  '$' is not defined                                    no-undef

/home/runner/work/exp-metacentre-cone-iitb/exp-metacentre-cone-iitb/experiment/simulation/common_libraries/js/ts_components/matrix.js
   27:26  warning  'MathJax' is not defined                                no-undef
   32:7   warning  'Matrix_Without_String' is defined but never used       no-unused-vars
   52:26  warning  'MathJax' is not defined                                no-undef
   56:10  warning  'get_matrix_html' is defined but never used             no-unused-vars
   87:13  warning  'row_html' is assigned a value but never used           no-unused-vars
   99:10  warning  'get_matrix_html_with_title' is defined but never used  no-unused-vars
  131:13  warning  'row_html' is assigned a value but never used           no-unused-vars
  143:10  warning  'convert_2d_to_1d_vector' is defined but never used     no-unused-vars
  156:10  warning  'convert_1d_to_2d_matrix' is defined but never used     no-unused-vars

/home/runner/work/exp-metacentre-cone-iitb/exp-metacentre-cone-iitb/experiment/simulation/common_libraries/js/ts_components/pannel.js
  8:7  warning  'Pannel' is defined but never used  no-unused-vars

/home/runner/work/exp-metacentre-cone-iitb/exp-metacentre-cone-iitb/experiment/simulation/common_libraries/js/ts_components/questions.js
   6:17  warning  'op1' is assigned a value but never used      no-unused-vars
   7:17  warning  'op2' is assigned a value but never used      no-unused-vars
   8:17  warning  'op3' is assigned a value but never used      no-unused-vars
   9:17  warning  'op4' is assigned a value but never used      no-unused-vars
  94:7   warning  'Question_Options' is defined but never used  no-unused-vars

/home/runner/work/exp-metacentre-cone-iitb/exp-metacentre-cone-iitb/experiment/simulation/common_libraries/js/ts_components/tables.js
   19:22  warning  'verify_values' is not defined                                     no-undef
  137:22  warning  'verify_values' is not defined                                     no-undef
  260:7   warning  'Verify_Rows_Cols_6_decimal_places' is defined but never used      no-unused-vars
  311:22  warning  'verify_values' is not defined                                     no-undef
  416:7   warning  'Verify_Rows_Cols_Custom_Fixed_Update1' is defined but never used  no-unused-vars
  468:7   warning  'Show_Table_Custom_Fixed' is defined but never used                no-unused-vars
  506:7   warning  'Verify_Rows_Cols_Strings' is defined but never used               no-unused-vars
  527:22  warning  'verify_values' is not defined                                     no-undef
  663:7   warning  'Display_Table' is defined but never used                          no-unused-vars

/home/runner/work/exp-metacentre-cone-iitb/exp-metacentre-cone-iitb/experiment/simulation/common_libraries/js/ts_math_library/general_math_functions.js
    1:10  warning  'verify_values' is defined but never used                   no-unused-vars
   17:10  warning  'random1' is defined but never used                         no-unused-vars
   21:10  warning  'std_deviation' is defined but never used                   no-unused-vars
   26:10  warning  'gauss' is defined but never used                           no-unused-vars
   56:10  warning  'hide_panel' is defined but never used                      no-unused-vars
   63:10  warning  'inverse_matrix' is defined but never used                  no-unused-vars
   96:10  warning  'matrix_multiplication' is defined but never used           no-unused-vars
  113:10  warning  'transpose_matrix' is defined but never used                no-unused-vars
  123:10  warning  'matrix_multiplication_8decimal' is defined but never used  no-unused-vars
  140:10  warning  'adjoint_2x2_matrix' is defined but never used              no-unused-vars
  145:10  warning  'find_deteminant' is defined but never used                 no-unused-vars
  174:10  warning  'get_Submatrix' is defined but never used                   no-unused-vars

/home/runner/work/exp-metacentre-cone-iitb/exp-metacentre-cone-iitb/experiment/simulation/common_libraries/js/ts_math_library/regression.js
   1:10  warning  'regression_linear' is defined but never used            no-unused-vars
  18:10  warning  'regression_linear_1variable' is defined but never used  no-unused-vars
  27:10  warning  'regression_linear_2variable' is defined but never used  no-unused-vars
  52:11  warning  'gauss' is not defined                                   no-undef

/home/runner/work/exp-metacentre-cone-iitb/exp-metacentre-cone-iitb/experiment/simulation/common_libraries/math.ob.js
  1:745  warning  'b' is already defined  no-redeclare

/home/runner/work/exp-metacentre-cone-iitb/exp-metacentre-cone-iitb/experiment/simulation/js/activity1.js
   19:24   warning  'MathJax' is not defined                           no-undef
   22:10   warning  'start_act1' is defined but never used             no-unused-vars
   29:20   warning  'get_collapse_btn_text' is not defined             no-undef
   34:190  warning  'H' is not defined                                 no-undef
  331:5    warning  'hide_all_steps' is not defined                    no-undef
  332:24   warning  'show_step' is not defined                         no-undef
  333:24   warning  'MathJax' is not defined                           no-undef
  338:5    warning  'H' is not defined                                 no-undef
  339:5    warning  'H' is not defined                                 no-undef
  339:20   warning  'H' is not defined                                 no-undef
  340:24   warning  'H' is not defined                                 no-undef
  342:5    warning  'r' is not defined                                 no-undef
  342:9    warning  'diameter' is not defined                          no-undef
  343:24   warning  'r' is not defined                                 no-undef
  345:5    warning  'tantheta_val' is not defined                      no-undef
  345:20   warning  'r' is not defined                                 no-undef
  345:24   warning  'H' is not defined                                 no-undef
  346:32   warning  'tantheta_val' is not defined                      no-undef
  348:5    warning  'theta_val' is not defined                         no-undef
  348:28   warning  'r' is not defined                                 no-undef
  348:31   warning  'H' is not defined                                 no-undef
  349:5    warning  'theta_val' is not defined                         no-undef
  349:28   warning  'theta_val' is not defined                         no-undef
  350:28   warning  'theta_val' is not defined                         no-undef
  352:5    warning  'weight_cone' is not defined                       no-undef
  352:19   warning  'rho_cone' is not defined                          no-undef
  352:37   warning  'gravity' is not defined                           no-undef
  352:73   warning  'r' is not defined                                 no-undef
  352:82   warning  'H' is not defined                                 no-undef
  353:41   warning  'weight_cone' is not defined                       no-undef
  355:5    warning  'z' is not defined                                 no-undef
  355:9    warning  'rho_water' is not defined                         no-undef
  355:21   warning  'gravity' is not defined                           no-undef
  355:77   warning  'theta_val' is not defined                         no-undef
  356:24   warning  'z' is not defined                                 no-undef
  358:5    warning  'h' is not defined                                 no-undef
  358:19   warning  'weight_cone' is not defined                       no-undef
  358:33   warning  'z' is not defined                                 no-undef
  359:24   warning  'h' is not defined                                 no-undef
  361:5    warning  'AG' is not defined                                no-undef
  361:20   warning  'H' is not defined                                 no-undef
  362:25   warning  'AG' is not defined                                no-undef
  364:5    warning  'AB' is not defined                                no-undef
  364:20   warning  'h' is not defined                                 no-undef
  365:25   warning  'AB' is not defined                                no-undef
  367:5    warning  'BG' is not defined                                no-undef
  367:10   warning  'AG' is not defined                                no-undef
  367:15   warning  'AB' is not defined                                no-undef
  368:25   warning  'BG' is not defined                                no-undef
  370:19   warning  'h' is not defined                                 no-undef
  370:42   warning  'theta_val' is not defined                         no-undef
  371:5    warning  'I' is not defined                                 no-undef
  372:24   warning  'I' is not defined                                 no-undef
  374:5    warning  'volume' is not defined                            no-undef
  374:40   warning  'h' is not defined                                 no-undef
  374:64   warning  'theta_val' is not defined                         no-undef
  374:89   warning  'h' is not defined                                 no-undef
  375:29   warning  'volume' is not defined                            no-undef
  377:5    warning  'GM' is not defined                                no-undef
  377:11   warning  'I' is not defined                                 no-undef
  377:15   warning  'volume' is not defined                            no-undef
  377:25   warning  'BG' is not defined                                no-undef
  378:25   warning  'GM' is not defined                                no-undef
  382:9    warning  'g_H' is not defined                               no-undef
  383:9    warning  'g_r' is not defined                               no-undef
  383:15   warning  'g_diameter' is not defined                        no-undef
  384:9    warning  'g_tantheta_val' is not defined                    no-undef
  384:26   warning  'g_r' is not defined                               no-undef
  384:32   warning  'g_H' is not defined                               no-undef
  385:9    warning  'g_theta_val' is not defined                       no-undef
  385:34   warning  'g_r' is not defined                               no-undef
  385:39   warning  'g_H' is not defined                               no-undef
  388:9    warning  'g_weight_cone' is not defined                     no-undef
  388:25   warning  'g_rho_cone' is not defined                        no-undef
  388:45   warning  'g_gravity' is not defined                         no-undef
  388:83   warning  'g_r' is not defined                               no-undef
  388:94   warning  'g_H' is not defined                               no-undef
  389:9    warning  'g_z' is not defined                               no-undef
  389:15   warning  'g_rho_water' is not defined                       no-undef
  389:29   warning  'g_gravity' is not defined                         no-undef
  389:87   warning  'g_theta_val' is not defined                       no-undef
  390:9    warning  'g_h' is not defined                               no-undef
  390:25   warning  'g_weight_cone' is not defined                     no-undef
  390:41   warning  'g_z' is not defined                               no-undef
  391:9    warning  'g_AG' is not defined                              no-undef
  391:26   warning  'g_H' is not defined                               no-undef
  392:9    warning  'g_AB' is not defined                              no-undef
  392:26   warning  'g_h' is not defined                               no-undef
  393:9    warning  'g_BG' is not defined                              no-undef
  393:16   warning  'g_AG' is not defined                              no-undef
  393:23   warning  'g_AB' is not defined                              no-undef
  394:25   warning  'g_h' is not defined                               no-undef
  394:50   warning  'g_theta_val' is not defined                       no-undef
  395:9    warning  'g_I' is not defined                               no-undef
  396:9    warning  'g_volume' is not defined                          no-undef
  396:46   warning  'g_h' is not defined                               no-undef
  396:72   warning  'g_theta_val' is not defined                       no-undef
  396:99   warning  'g_h' is not defined                               no-undef
  397:9    warning  'g_GM' is not defined                              no-undef
  397:17   warning  'g_I' is not defined                               no-undef
  397:23   warning  'g_volume' is not defined                          no-undef
  397:35   warning  'g_BG' is not defined                              no-undef
  398:9    warning  'g_Hval' is not defined                            no-undef
  399:9    warning  'g_Mval' is not defined                            no-undef
  399:32   warning  'g_GM' is not defined                              no-undef
  400:9    warning  'g_Mval_abs' is not defined                        no-undef
  400:45   warning  'g_GM' is not defined                              no-undef
  402:17   warning  'g_Hval' is not defined                            no-undef
  403:17   warning  'g_Mval' is not defined                            no-undef
  404:17   warning  'g_Mval_abs' is not defined                        no-undef
  405:5    warning  'mat_cen_hg' is not defined                        no-undef
  405:18   warning  'g_Hval' is not defined                            no-undef
  405:25   warning  'g_Mval_abs' is not defined                        no-undef
  405:56   warning  'g_Mval_abs' is not defined                        no-undef
  406:17   warning  'mat_cen_hg' is not defined                        no-undef
  418:17   warning  'Chart' is not defined                             no-undef
  421:21   warning  'g_Hval' is not defined                            no-undef
  425:27   warning  'g_Mval' is not defined                            no-undef
  468:10   warning  'verify_radius' is defined but never used          no-unused-vars
  472:10   warning  'verify_values' is not defined                     no-undef
  472:88   warning  'r' is not defined                                 no-undef
  477:35   warning  'r' is not defined                                 no-undef
  485:10   warning  'verify_tan' is defined but never used             no-unused-vars
  489:10   warning  'verify_values' is not defined                     no-undef
  489:85   warning  'tantheta_val' is not defined                      no-undef
  494:35   warning  'tantheta_val' is not defined                      no-undef
  502:10   warning  'verify_theta' is defined but never used           no-unused-vars
  506:10   warning  'verify_values' is not defined                     no-undef
  506:87   warning  'theta_val' is not defined                         no-undef
  511:35   warning  'theta_val' is not defined                         no-undef
  519:10   warning  'verify_coneweight' is defined but never used      no-unused-vars
  523:10   warning  'verify_values' is not defined                     no-undef
  523:92   warning  'weight_cone' is not defined                       no-undef
  528:35   warning  'weight_cone' is not defined                       no-undef
  536:10   warning  'verify_waterdisplaced' is defined but never used  no-unused-vars
  540:10   warning  'verify_values' is not defined                     no-undef
  540:96   warning  'z' is not defined                                 no-undef
  545:35   warning  'z' is not defined                                 no-undef
  553:10   warning  'verify_h' is defined but never used               no-unused-vars
  557:10   warning  'verify_values' is not defined                     no-undef
  557:83   warning  'h' is not defined                                 no-undef
  562:35   warning  'h' is not defined                                 no-undef
  570:10   warning  'verify_ag' is defined but never used              no-unused-vars
  574:10   warning  'verify_values' is not defined                     no-undef
  574:84   warning  'AG' is not defined                                no-undef
  579:35   warning  'AG' is not defined                                no-undef
  587:10   warning  'verify_ab' is defined but never used              no-unused-vars
  591:10   warning  'verify_values' is not defined                     no-undef
  591:84   warning  'AB' is not defined                                no-undef
  596:35   warning  'AB' is not defined                                no-undef
  604:10   warning  'verify_bg' is defined but never used              no-unused-vars
  608:10   warning  'verify_values' is not defined                     no-undef
  608:84   warning  'BG' is not defined                                no-undef
  613:35   warning  'BG' is not defined                                no-undef
  621:10   warning  'verify_i' is defined but never used               no-unused-vars
  625:10   warning  'verify_values' is not defined                     no-undef
  625:83   warning  'I' is not defined                                 no-undef
  630:36   warning  'I' is not defined                                 no-undef
  638:10   warning  'verify_volume' is defined but never used          no-unused-vars
  642:10   warning  'verify_values' is not defined                     no-undef
  642:88   warning  'volume' is not defined                            no-undef
  647:36   warning  'volume' is not defined                            no-undef
  655:10   warning  'verify_gm' is defined but never used              no-unused-vars
  659:10   warning  'verify_values' is not defined                     no-undef
  659:84   warning  'GM' is not defined                                no-undef
  664:36   warning  'GM' is not defined                                no-undef
  672:10   warning  'verify_met_hg' is defined but never used          no-unused-vars
  676:10   warning  'verify_values' is not defined                     no-undef
  676:88   warning  'mat_cen_hg' is not defined                        no-undef
  681:36   warning  'mat_cen_hg' is not defined                        no-undef
  702:5    warning  'ans_a1' is not defined                            no-undef
  702:14   warning  'GM' is not defined                                no-undef
  704:24   warning  'Question_Options' is not defined                  no-undef
  704:52   warning  'ans_a1' is not defined                            no-undef
  710:9    warning  'div' is assigned a value but never used           no-unused-vars
  711:16   warning  'ans_a1' is not defined                            no-undef

/home/runner/work/exp-metacentre-cone-iitb/exp-metacentre-cone-iitb/experiment/simulation/js/data.js
   1:5  warning  'diameter' is assigned a value but never used                  no-unused-vars
   2:5  warning  'r' is assigned a value but never used                         no-unused-vars
   4:5  warning  'H' is defined but never used                                  no-unused-vars
   5:5  warning  'tantheta_val' is assigned a value but never used              no-unused-vars
   6:5  warning  'theta_val' is assigned a value but never used                 no-unused-vars
   7:5  warning  'weight_cone' is assigned a value but never used               no-unused-vars
   8:5  warning  'rho_cone' is assigned a value but never used                  no-unused-vars
   9:5  warning  'gravity' is assigned a value but never used                   no-unused-vars
  10:5  warning  'rho_water' is assigned a value but never used                 no-unused-vars
  11:5  warning  'z' is assigned a value but never used                         no-unused-vars
  12:5  warning  'h' is assigned a value but never used                         no-unused-vars
  13:5  warning  'water_displaced_weight' is assigned a value but never used    no-unused-vars
  14:5  warning  'AG' is assigned a value but never used                        no-unused-vars
  15:5  warning  'AB' is assigned a value but never used                        no-unused-vars
  16:5  warning  'BG' is assigned a value but never used                        no-unused-vars
  17:5  warning  'I' is assigned a value but never used                         no-unused-vars
  18:5  warning  'volume' is assigned a value but never used                    no-unused-vars
  19:5  warning  'GM' is assigned a value but never used                        no-unused-vars
  20:5  warning  'ans_a1' is defined but never used                             no-unused-vars
  21:5  warning  'g_diameter' is assigned a value but never used                no-unused-vars
  22:5  warning  'g_r' is assigned a value but never used                       no-unused-vars
  23:5  warning  'g_H' is defined but never used                                no-unused-vars
  24:5  warning  'g_tantheta_val' is assigned a value but never used            no-unused-vars
  25:5  warning  'g_theta_val' is assigned a value but never used               no-unused-vars
  26:5  warning  'g_weight_cone' is assigned a value but never used             no-unused-vars
  27:5  warning  'g_rho_cone' is assigned a value but never used                no-unused-vars
  28:5  warning  'g_gravity' is assigned a value but never used                 no-unused-vars
  29:5  warning  'g_rho_water' is assigned a value but never used               no-unused-vars
  30:5  warning  'g_z' is assigned a value but never used                       no-unused-vars
  31:5  warning  'g_h' is assigned a value but never used                       no-unused-vars
  32:5  warning  'g_water_displaced_weight' is assigned a value but never used  no-unused-vars
  33:5  warning  'g_AG' is assigned a value but never used                      no-unused-vars
  34:5  warning  'g_AB' is assigned a value but never used                      no-unused-vars
  35:5  warning  'g_BG' is assigned a value but never used                      no-unused-vars
  36:5  warning  'g_I' is assigned a value but never used                       no-unused-vars
  37:5  warning  'g_volume' is assigned a value but never used                  no-unused-vars
  38:5  warning  'g_GM' is assigned a value but never used                      no-unused-vars
  39:5  warning  'g_Hval' is assigned a value but never used                    no-unused-vars
  40:5  warning  'g_Mval' is assigned a value but never used                    no-unused-vars
  41:5  warning  'g_Mval_abs' is assigned a value but never used                no-unused-vars
  42:5  warning  'mat_cen_hg' is defined but never used                         no-unused-vars

✖ 268 problems (0 errors, 268 warnings)

